<?xml version="1.0" encoding="UTF-8"?>
<!-- Generated by org.testng.reporters.JUnitXMLReporter -->
<testsuite ignored="0" hostname="LM0004457" failures="0" tests="3" name="Cycle2" time="4.749" errors="0" timestamp="2022-11-02T13:18:52 IST">
  <testcase classname="com.jio.eva.tests.HomePageTests" name="Login" time="0.007"/>
  <testcase classname="com.jio.eva.tests.HomePageTests" name="AddNewUser" time="0.002"/>
  <testcase classname="com.jio.eva.tests.HomePageTests" name="Logout" time="0.001"/>
</testsuite> <!-- Cycle2 -->
