<?xml version="1.0" encoding="UTF-8"?>
<!-- Generated by org.testng.reporters.JUnitXMLReporter -->
<testsuite ignored="0" hostname="LM0004457" failures="0" tests="9" name="Default test" time="11.425" errors="0" timestamp="2022-11-01T16:53:16 IST">
  <testcase classname="com.jio.eva.tests.HomePageTests" name="AddNewUser" time="0.013"/>
  <testcase classname="com.jio.eva.tests.HomePageTests" name="HomePageTest" time="0.003"/>
  <testcase classname="com.jio.eva.tests.HomePageTests" name="Login" time="0.001"/>
  <testcase classname="com.jio.eva.tests.HomePageTests" name="Logout" time="0.003"/>
  <testcase classname="com.jio.eva.tests.HomePageTests" name="ModelCreation" time="0.001"/>
  <testcase classname="com.jio.eva.tests.HomePageTests" name="dummy1" time="0.002"/>
  <testcase classname="com.jio.eva.tests.HomePageTests" name="dummy2" time="0.006"/>
  <testcase classname="com.jio.eva.tests.HomePageTests" name="dummy3" time="0.004"/>
  <testcase classname="com.jio.eva.tests.HomePageTests" name="dummy4" time="0.003"/>
</testsuite> <!-- Default test -->
