<?xml version="1.0" encoding="UTF-8"?>
<!-- Generated by org.testng.reporters.JUnitXMLReporter -->
<testsuite ignored="0" hostname="LM0004457" failures="0" tests="4" name="Cycle3" time="4.633" errors="0" timestamp="2022-11-02T13:18:57 IST">
  <testcase classname="com.jio.eva.tests.HomePageTests" name="Login" time="0.003"/>
  <testcase classname="com.jio.eva.tests.HomePageTests" name="Login" time="0.001"/>
  <testcase classname="com.jio.eva.tests.HomePageTests" name="ModelCreation" time="0.002"/>
  <testcase classname="com.jio.eva.tests.HomePageTests" name="ModelCreation" time="0.001"/>
</testsuite> <!-- Cycle3 -->
