<?xml version="1.0" encoding="UTF-8"?>
<!-- Generated by org.testng.reporters.JUnitXMLReporter -->
<testsuite ignored="0" hostname="LM0004457" failures="0" tests="9" name="Test" time="11.455" errors="0" timestamp="2022-11-01T17:17:00 IST">
  <testcase classname="com.jio.eva.tests.HomePageTests" name="HomePageTest" time="0.01"/>
  <testcase classname="com.jio.eva.tests.HomePageTests" name="Logout" time="0.003"/>
  <testcase classname="com.jio.eva.tests.HomePageTests" name="Login" time="0.002"/>
  <testcase classname="com.jio.eva.tests.HomePageTests" name="ModelCreation" time="0.001"/>
  <testcase classname="com.jio.eva.tests.HomePageTests" name="AddNewUser" time="0.002"/>
  <testcase classname="com.jio.eva.tests.HomePageTests" name="Logout" time="0.001"/>
  <testcase classname="com.jio.eva.tests.HomePageTests" name="Login" time="0.006"/>
  <testcase classname="com.jio.eva.tests.HomePageTests" name="Login" time="0.005"/>
  <testcase classname="com.jio.eva.tests.HomePageTests" name="Login" time="0.002"/>
</testsuite> <!-- Test -->
